Using pre-set license
Built from '2020.2/release' branch; Version is '2020.2.2f1 (068178b99f32) revision 426360'; Using compiler version '192528614'; Build Type 'Release'
OS: 'Windows 10 Home; OS build 18363.1440; Version 1909; 64bit' Language: 'it' Physical Memory: 16322 MB
BatchMode: 1, IsHumanControllingUs: 0, StartBugReporterOnCrash: 0, Is64bit: 1, IsPro: 0

 COMMAND LINE ARGUMENTS:
F:\2020.2.2f1\Editor\Unity.exe
-adb2
-batchMode
-noUpm
-name
AssetImportWorker0
-projectPath
C:/Users/Gabriele/Desktop/vision-Glopex/New Unity Project (2)
-logFile
Logs/AssetImportWorker0.log
-srvPort
59768
Successfully changed project path to: C:/Users/Gabriele/Desktop/vision-Glopex/New Unity Project (2)
C:/Users/Gabriele/Desktop/vision-Glopex/New Unity Project (2)
Using Asset Import Pipeline V2.
Refreshing native plugins compatible for Editor in 53.54 ms, found 0 plugins.
Preloading 0 native plugins for Editor in 0.00 ms.
Initialize engine version: 2020.2.2f1 (068178b99f32)
[Subsystems] Discovering subsystems at path F:/2020.2.2f1/Editor/Data/Resources/UnitySubsystems
[Subsystems] Discovering subsystems at path C:/Users/Gabriele/Desktop/vision-Glopex/New Unity Project (2)/Assets
GfxDevice: creating device client; threaded=0
Direct3D:
    Version:  Direct3D 11.0 [level 11.1]
    Renderer: NVIDIA GeForce GTX 1060 6GB (ID=0x1c03)
    Vendor:   
    VRAM:     6052 MB
    Driver:   27.21.14.5671
Initialize mono
Mono path[0] = 'F:/2020.2.2f1/Editor/Data/Managed'
Mono path[1] = 'F:/2020.2.2f1/Editor/Data/MonoBleedingEdge/lib/mono/unityjit'
Mono config path = 'F:/2020.2.2f1/Editor/Data/MonoBleedingEdge/etc'
Using monoOptions --debugger-agent=transport=dt_socket,embedding=1,server=y,suspend=n,address=127.0.0.1:56732
Begin MonoManager ReloadAssembly
Registering precompiled unity dll's ...
Register platform support module: F:/2020.2.2f1/Editor/Data/PlaybackEngines/WindowsStandaloneSupport/UnityEditor.WindowsStandalone.Extensions.dll
Registered in 0.010014 seconds.
Native extension for WindowsStandalone target not found
Refreshing native plugins compatible for Editor in 51.23 ms, found 0 plugins.
Preloading 0 native plugins for Editor in 0.00 ms.
Invoked RoslynAnalysisRunner static constructor.
RoslynAnalysisRunner will not be running.
RoslynAnalysisRunner has terminated.
Mono: successfully reloaded assembly
- Completed reload, in  1.952 seconds
Platform modules already initialized, skipping
Registering precompiled user dll's ...
Registered in 0.001538 seconds.
Begin MonoManager ReloadAssembly
Native extension for WindowsStandalone target not found
Refreshing native plugins compatible for Editor in 54.43 ms, found 0 plugins.
Preloading 0 native plugins for Editor in 0.00 ms.
Invoked RoslynAnalysisRunner static constructor.
RoslynAnalysisRunner will not be running.
RoslynAnalysisRunner has terminated.
Mono: successfully reloaded assembly
- Completed reload, in  1.719 seconds
Platform modules already initialized, skipping
========================================================================
Worker process is ready to serve import requests
Launched and connected shader compiler UnityShaderCompiler.exe after 0.07 seconds
Refreshing native plugins compatible for Editor in 0.52 ms, found 0 plugins.
Preloading 0 native plugins for Editor in 0.00 ms.
Unloading 2047 Unused Serialized files (Serialized files now loaded: 0)
System memory in use before: 99.4 MB.
System memory in use after: 99.4 MB.

Unloading 112 unused Assets to reduce memory usage. Loaded Objects now: 2484.
Total: 4.083800 ms (FindLiveObjects: 0.197400 ms CreateObjectMapping: 0.090000 ms MarkObjects: 3.512300 ms  DeleteObjects: 0.282800 ms)

========================================================================
Received Import Request.
  path: Assets/animations/FallingTrain.anim
  artifactKey: Guid(0a6dd060bd816bb42b87575414d9736a) Importer(815301076,1909f56bfc062723c751e8b465ee728b)
Start importing Assets/animations/FallingTrain.anim using Guid(0a6dd060bd816bb42b87575414d9736a) Importer(815301076,1909f56bfc062723c751e8b465ee728b)  -> (artifact id: 'a5a5be0d2a7d19bda9eefcae9826462b') in 0.078278 seconds
  Import took 0.082118 seconds .

========================================================================
Received Import Request.
  Time since last request: 0.000190 seconds.
  path: Assets/animations/New Animation.anim
  artifactKey: Guid(d6e53c75a39492c4183d2f2d9bd6f3bb) Importer(815301076,1909f56bfc062723c751e8b465ee728b)
Start importing Assets/animations/New Animation.anim using Guid(d6e53c75a39492c4183d2f2d9bd6f3bb) Importer(815301076,1909f56bfc062723c751e8b465ee728b)  -> (artifact id: 'db7127bbb20cc42c051eae35d7a70f9c') in 0.008818 seconds
  Import took 0.012280 seconds .

========================================================================
Received Prepare
Refreshing native plugins compatible for Editor in 1.63 ms, found 0 plugins.
Preloading 0 native plugins for Editor in 0.00 ms.
Unloading 3 Unused Serialized files (Serialized files now loaded: 0)
System memory in use before: 56.5 MB.
System memory in use after: 56.6 MB.

Unloading 3 unused Assets to reduce memory usage. Loaded Objects now: 2484.
Total: 5.494600 ms (FindLiveObjects: 0.199800 ms CreateObjectMapping: 0.079600 ms MarkObjects: 5.075800 ms  DeleteObjects: 0.137700 ms)

========================================================================
Received Import Request.
  Time since last request: 436.279979 seconds.
  path: Assets/AssetsStore/Wood Box/Demo
  artifactKey: Guid(ef4a7058340cf0d4cbd3e1c2ffcd7665) Importer(815301076,1909f56bfc062723c751e8b465ee728b)
Start importing Assets/AssetsStore/Wood Box/Demo using Guid(ef4a7058340cf0d4cbd3e1c2ffcd7665) Importer(815301076,1909f56bfc062723c751e8b465ee728b)  -> (artifact id: 'ebdb90b6542ded8af0072c9b0b26a47a') in 0.006273 seconds
  Import took 0.012402 seconds .

========================================================================
Received Prepare
Registering precompiled user dll's ...
Registered in 0.001457 seconds.
Begin MonoManager ReloadAssembly
Native extension for WindowsStandalone target not found
Refreshing native plugins compatible for Editor in 0.77 ms, found 0 plugins.
Preloading 0 native plugins for Editor in 0.00 ms.
Warning: Annotation not found!
UnityEngine.StackTraceUtility:ExtractStackTrace ()
UnityEditor.ProBuilder.EditorUtility:SetGizmoIconEnabled (System.Type,bool) (at Library/PackageCache/com.unity.probuilder@4.4.0/Editor/EditorCore/EditorUtility.cs:593)
UnityEditor.ProBuilder.HierarchyListener:.cctor () (at Library/PackageCache/com.unity.probuilder@4.4.0/Editor/EditorCore/HierarchyListener.cs:21)
System.Runtime.CompilerServices.RuntimeHelpers:RunClassConstructor (System.RuntimeTypeHandle)
UnityEditor.EditorAssemblies:ProcessInitializeOnLoadAttributes (System.Type[])

[Library/PackageCache/com.unity.probuilder@4.4.0/Editor/EditorCore/EditorUtility.cs line 593]

Invoked RoslynAnalysisRunner static constructor.
RoslynAnalysisRunner will not be running.
RoslynAnalysisRunner has terminated.
Mono: successfully reloaded assembly
- Completed reload, in  4.365 seconds
Platform modules already initialized, skipping
Refreshing native plugins compatible for Editor in 0.41 ms, found 0 plugins.
Preloading 0 native plugins for Editor in 0.00 ms.
Unloading 1979 Unused Serialized files (Serialized files now loaded: 0)
System memory in use before: 95.9 MB.
System memory in use after: 96.0 MB.

Unloading 6 unused Assets to reduce memory usage. Loaded Objects now: 2486.
Total: 2.940400 ms (FindLiveObjects: 0.193400 ms CreateObjectMapping: 0.076400 ms MarkObjects: 2.527900 ms  DeleteObjects: 0.141600 ms)

========================================================================
Received Prepare
Registering precompiled user dll's ...
Registered in 0.001702 seconds.
Begin MonoManager ReloadAssembly
Native extension for WindowsStandalone target not found
Refreshing native plugins compatible for Editor in 0.64 ms, found 0 plugins.
Preloading 0 native plugins for Editor in 0.00 ms.
Warning: Annotation not found!
UnityEngine.StackTraceUtility:ExtractStackTrace ()
UnityEditor.ProBuilder.EditorUtility:SetGizmoIconEnabled (System.Type,bool) (at Library/PackageCache/com.unity.probuilder@4.4.0/Editor/EditorCore/EditorUtility.cs:593)
UnityEditor.ProBuilder.HierarchyListener:.cctor () (at Library/PackageCache/com.unity.probuilder@4.4.0/Editor/EditorCore/HierarchyListener.cs:21)
System.Runtime.CompilerServices.RuntimeHelpers:RunClassConstructor (System.RuntimeTypeHandle)
UnityEditor.EditorAssemblies:ProcessInitializeOnLoadAttributes (System.Type[])

[Library/PackageCache/com.unity.probuilder@4.4.0/Editor/EditorCore/EditorUtility.cs line 593]

Invoked RoslynAnalysisRunner static constructor.
RoslynAnalysisRunner will not be running.
RoslynAnalysisRunner has terminated.
Mono: successfully reloaded assembly
- Completed reload, in  1.564 seconds
Platform modules already initialized, skipping
Refreshing native plugins compatible for Editor in 0.53 ms, found 0 plugins.
Preloading 0 native plugins for Editor in 0.00 ms.
Unloading 1980 Unused Serialized files (Serialized files now loaded: 0)
System memory in use before: 96.0 MB.
System memory in use after: 96.1 MB.

Unloading 6 unused Assets to reduce memory usage. Loaded Objects now: 2489.
Total: 3.653700 ms (FindLiveObjects: 0.190700 ms CreateObjectMapping: 0.075700 ms MarkObjects: 3.230900 ms  DeleteObjects: 0.154800 ms)

========================================================================
Received Import Request.
  Time since last request: 1506.460429 seconds.
  path: Assets/material/tutorial.png
  artifactKey: Guid(78e03998cb486db438ffd06969b2bfbe) Importer(815301076,1909f56bfc062723c751e8b465ee728b)
Start importing Assets/material/tutorial.png using Guid(78e03998cb486db438ffd06969b2bfbe) Importer(815301076,1909f56bfc062723c751e8b465ee728b)  -> (artifact id: 'e9b4ba8e89ccc49f9d2842802836fb05') in 0.132704 seconds
  Import took 0.137103 seconds .

========================================================================
Received Import Request.
  Time since last request: 9.121707 seconds.
  path: Assets/material/Materials
  artifactKey: Guid(6b473e89bcf545847a0eee589e2017b4) Importer(815301076,1909f56bfc062723c751e8b465ee728b)
Start importing Assets/material/Materials using Guid(6b473e89bcf545847a0eee589e2017b4) Importer(815301076,1909f56bfc062723c751e8b465ee728b)  -> (artifact id: '0b6d3c5322aabba7b0586509a53a6d92') in 0.006037 seconds
  Import took 0.010813 seconds .

========================================================================
Received Import Request.
  Time since last request: 0.059470 seconds.
  path: Assets/material/Materials/tutorial.mat
  artifactKey: Guid(fcc1fdf33b5a055428e5ff52fd6d4b9e) Importer(815301076,1909f56bfc062723c751e8b465ee728b)
Start importing Assets/material/Materials/tutorial.mat using Guid(fcc1fdf33b5a055428e5ff52fd6d4b9e) Importer(815301076,1909f56bfc062723c751e8b465ee728b)  -> (artifact id: '5a0dd8dae24bf61bc9f1b77c36458ce6') in 0.065561 seconds
  Import took 0.070947 seconds .

========================================================================
Received Import Request.
  Time since last request: 33.612435 seconds.
  path: Assets/material/Materials/tutorial.mat
  artifactKey: Guid(fcc1fdf33b5a055428e5ff52fd6d4b9e) Importer(815301076,1909f56bfc062723c751e8b465ee728b)
Start importing Assets/material/Materials/tutorial.mat using Guid(fcc1fdf33b5a055428e5ff52fd6d4b9e) Importer(815301076,1909f56bfc062723c751e8b465ee728b)  -> (artifact id: 'bbebaf00d9b69b4ba1e5113986016eb9') in 0.022836 seconds
  Import took 0.026792 seconds .

========================================================================
Received Prepare
Registering precompiled user dll's ...
Registered in 0.001416 seconds.
Begin MonoManager ReloadAssembly
Native extension for WindowsStandalone target not found
Refreshing native plugins compatible for Editor in 0.40 ms, found 0 plugins.
Preloading 0 native plugins for Editor in 0.00 ms.
Warning: Annotation not found!
UnityEngine.StackTraceUtility:ExtractStackTrace ()
UnityEditor.ProBuilder.EditorUtility:SetGizmoIconEnabled (System.Type,bool) (at Library/PackageCache/com.unity.probuilder@4.4.0/Editor/EditorCore/EditorUtility.cs:593)
UnityEditor.ProBuilder.HierarchyListener:.cctor () (at Library/PackageCache/com.unity.probuilder@4.4.0/Editor/EditorCore/HierarchyListener.cs:21)
System.Runtime.CompilerServices.RuntimeHelpers:RunClassConstructor (System.RuntimeTypeHandle)
UnityEditor.EditorAssemblies:ProcessInitializeOnLoadAttributes (System.Type[])

[Library/PackageCache/com.unity.probuilder@4.4.0/Editor/EditorCore/EditorUtility.cs line 593]

Invoked RoslynAnalysisRunner static constructor.
RoslynAnalysisRunner will not be running.
RoslynAnalysisRunner has terminated.
Mono: successfully reloaded assembly
- Completed reload, in  1.642 seconds
Platform modules already initialized, skipping
Refreshing native plugins compatible for Editor in 0.44 ms, found 0 plugins.
Preloading 0 native plugins for Editor in 0.00 ms.
Unloading 1980 Unused Serialized files (Serialized files now loaded: 0)
System memory in use before: 98.8 MB.
System memory in use after: 98.9 MB.

Unloading 6 unused Assets to reduce memory usage. Loaded Objects now: 2534.
Total: 6.476600 ms (FindLiveObjects: 0.200200 ms CreateObjectMapping: 0.074300 ms MarkObjects: 6.068000 ms  DeleteObjects: 0.132100 ms)

========================================================================
Received Prepare
Registering precompiled user dll's ...
Registered in 0.001359 seconds.
Begin MonoManager ReloadAssembly
Native extension for WindowsStandalone target not found
Refreshing native plugins compatible for Editor in 0.49 ms, found 0 plugins.
Preloading 0 native plugins for Editor in 0.00 ms.
Warning: Annotation not found!
UnityEngine.StackTraceUtility:ExtractStackTrace ()
UnityEditor.ProBuilder.EditorUtility:SetGizmoIconEnabled (System.Type,bool) (at Library/PackageCache/com.unity.probuilder@4.4.0/Editor/EditorCore/EditorUtility.cs:593)
UnityEditor.ProBuilder.HierarchyListener:.cctor () (at Library/PackageCache/com.unity.probuilder@4.4.0/Editor/EditorCore/HierarchyListener.cs:21)
System.Runtime.CompilerServices.RuntimeHelpers:RunClassConstructor (System.RuntimeTypeHandle)
UnityEditor.EditorAssemblies:ProcessInitializeOnLoadAttributes (System.Type[])

[Library/PackageCache/com.unity.probuilder@4.4.0/Editor/EditorCore/EditorUtility.cs line 593]

Invoked RoslynAnalysisRunner static constructor.
RoslynAnalysisRunner will not be running.
RoslynAnalysisRunner has terminated.
Mono: successfully reloaded assembly
- Completed reload, in  5.204 seconds
Platform modules already initialized, skipping
Refreshing native plugins compatible for Editor in 0.43 ms, found 0 plugins.
Preloading 0 native plugins for Editor in 0.00 ms.
Unloading 1980 Unused Serialized files (Serialized files now loaded: 0)
System memory in use before: 98.9 MB.
System memory in use after: 99.0 MB.

Unloading 6 unused Assets to reduce memory usage. Loaded Objects now: 2536.
Total: 6.312500 ms (FindLiveObjects: 0.312300 ms CreateObjectMapping: 2.036800 ms MarkObjects: 3.861700 ms  DeleteObjects: 0.099900 ms)

========================================================================
Received Import Request.
  Time since last request: 1831.217825 seconds.
  path: Assets/AssetsStore/Garage_props/Assets/Materials/barrels_blue.mat
  artifactKey: Guid(dd91e86e4fecc674e93ddc13d4d59c39) Importer(815301076,1909f56bfc062723c751e8b465ee728b)
Start importing Assets/AssetsStore/Garage_props/Assets/Materials/barrels_blue.mat using Guid(dd91e86e4fecc674e93ddc13d4d59c39) Importer(815301076,1909f56bfc062723c751e8b465ee728b)  -> (artifact id: '0e0aa2a07f475728537bd3e177c87d79') in 0.174488 seconds
  Import took 0.178598 seconds .

========================================================================
Received Import Request.
  Time since last request: 0.000177 seconds.
  path: Assets/AssetsStore/Garage_props/Assets/Materials/barrels_green.mat
  artifactKey: Guid(e5f667a9495cad146bb6f949cb376e78) Importer(815301076,1909f56bfc062723c751e8b465ee728b)
Start importing Assets/AssetsStore/Garage_props/Assets/Materials/barrels_green.mat using Guid(e5f667a9495cad146bb6f949cb376e78) Importer(815301076,1909f56bfc062723c751e8b465ee728b)  -> (artifact id: '2235d2906b59d98900f9f8cc4261d2c0') in 0.086322 seconds
  Import took 0.089581 seconds .

========================================================================
Received Import Request.
  Time since last request: 0.000205 seconds.
  path: Assets/AssetsStore/Garage_props/Assets/Materials/Furniture_garage.mat
  artifactKey: Guid(0d09fe7f1d532b74cb39b287ad47c416) Importer(815301076,1909f56bfc062723c751e8b465ee728b)
Start importing Assets/AssetsStore/Garage_props/Assets/Materials/Furniture_garage.mat using Guid(0d09fe7f1d532b74cb39b287ad47c416) Importer(815301076,1909f56bfc062723c751e8b465ee728b)  -> (artifact id: 'f63094ea873929f65bf98e64a7c96468') in 0.106746 seconds
  Import took 0.114011 seconds .

========================================================================
Received Import Request.
  Time since last request: 0.000176 seconds.
  path: Assets/AssetsStore/Garage_props/Assets/Materials/barrels_red.mat
  artifactKey: Guid(38899c079cdaf7947aa74abbf7a81646) Importer(815301076,1909f56bfc062723c751e8b465ee728b)
Start importing Assets/AssetsStore/Garage_props/Assets/Materials/barrels_red.mat using Guid(38899c079cdaf7947aa74abbf7a81646) Importer(815301076,1909f56bfc062723c751e8b465ee728b)  -> (artifact id: 'af724035f8cf922b4b05aa8e03db77bd') in 0.049375 seconds
  Import took 0.053163 seconds .

========================================================================
Received Import Request.
  Time since last request: 0.000186 seconds.
  path: Assets/AssetsStore/Garage_props/Assets/Materials/barrels_purple.mat
  artifactKey: Guid(6158f3288a60f964b905c15464ecd88c) Importer(815301076,1909f56bfc062723c751e8b465ee728b)
Start importing Assets/AssetsStore/Garage_props/Assets/Materials/barrels_purple.mat using Guid(6158f3288a60f964b905c15464ecd88c) Importer(815301076,1909f56bfc062723c751e8b465ee728b)  -> (artifact id: 'fbf9e1ce40a34cb2d6a38d9d222abb5c') in 0.044906 seconds
  Import took 0.048373 seconds .

========================================================================
Received Import Request.
  Time since last request: 0.000213 seconds.
  path: Assets/AssetsStore/Garage_props/Assets/Materials/barrels_old.mat
  artifactKey: Guid(c91dcee696abaf840b9d8266b1f2d516) Importer(815301076,1909f56bfc062723c751e8b465ee728b)
Start importing Assets/AssetsStore/Garage_props/Assets/Materials/barrels_old.mat using Guid(c91dcee696abaf840b9d8266b1f2d516) Importer(815301076,1909f56bfc062723c751e8b465ee728b)  -> (artifact id: '2211594d070609903d08804751bc2b47') in 0.026788 seconds
  Import took 0.030206 seconds .

========================================================================
Received Prepare
Registering precompiled user dll's ...
Registered in 0.001371 seconds.
Begin MonoManager ReloadAssembly
Native extension for WindowsStandalone target not found
Refreshing native plugins compatible for Editor in 0.47 ms, found 0 plugins.
Preloading 0 native plugins for Editor in 0.00 ms.
Warning: Annotation not found!
UnityEngine.StackTraceUtility:ExtractStackTrace ()
UnityEditor.ProBuilder.EditorUtility:SetGizmoIconEnabled (System.Type,bool) (at Library/PackageCache/com.unity.probuilder@4.4.0/Editor/EditorCore/EditorUtility.cs:593)
UnityEditor.ProBuilder.HierarchyListener:.cctor () (at Library/PackageCache/com.unity.probuilder@4.4.0/Editor/EditorCore/HierarchyListener.cs:21)
System.Runtime.CompilerServices.RuntimeHelpers:RunClassConstructor (System.RuntimeTypeHandle)
UnityEditor.EditorAssemblies:ProcessInitializeOnLoadAttributes (System.Type[])

[Library/PackageCache/com.unity.probuilder@4.4.0/Editor/EditorCore/EditorUtility.cs line 593]

Invoked RoslynAnalysisRunner static constructor.
RoslynAnalysisRunner will not be running.
RoslynAnalysisRunner has terminated.
Mono: successfully reloaded assembly
- Completed reload, in  3.754 seconds
Platform modules already initialized, skipping
Refreshing native plugins compatible for Editor in 0.42 ms, found 0 plugins.
Preloading 0 native plugins for Editor in 0.00 ms.
Unloading 1980 Unused Serialized files (Serialized files now loaded: 0)
System memory in use before: 99.0 MB.
System memory in use after: 99.1 MB.

Unloading 6 unused Assets to reduce memory usage. Loaded Objects now: 2539.
Total: 2.889000 ms (FindLiveObjects: 0.231700 ms CreateObjectMapping: 0.082600 ms MarkObjects: 2.493300 ms  DeleteObjects: 0.079500 ms)

========================================================================
Received Import Request.
  Time since last request: 1489.810774 seconds.
  path: ProjectSettings/TagManager.asset
  artifactKey: Guid(00000000000000003000000000000000) Importer(815301076,1909f56bfc062723c751e8b465ee728b)
Start importing ProjectSettings/TagManager.asset using Guid(00000000000000003000000000000000) Importer(815301076,1909f56bfc062723c751e8b465ee728b)  -> (artifact id: '2590b97e8357fca172803c4c8e3ccf5c') in 0.018973 seconds
  Import took 0.023804 seconds .

AssetImportWorkerClient::OnTransportError - code=2 error=End of file
